This file contains any messages produced by compilers while
running configure, to aid debugging if configure makes a mistake.

configure:562: checking for a BSD compatible install
configure:615: checking whether build environment is sane
configure:672: checking whether make sets ${MAKE}
configure:718: checking for working aclocal
configure:731: checking for working autoconf
configure:744: checking for working automake
configure:757: checking for working autoheader
configure:770: checking for working makeinfo
configure:787: checking for gcc
configure:900: checking whether the C compiler (gcc  ) works
configure:916: gcc -o conftest    conftest.c  1>&5
configure:942: checking whether the C compiler (gcc  ) is a cross-compiler
configure:947: checking whether we are using GNU C
configure:975: checking whether gcc accepts -g
configure:1018: checking for a BSD compatible install
configure:1071: checking whether make sets ${MAKE}
configure:1099: checking how to run the C preprocessor
configure:1179: checking for AIX
configure:1205: checking for gethostbyname
configure:1251: checking for gethostbyname in -lnsl
configure:1301: checking for strcasecmp
configure:1397: checking for connect
configure:1443: checking for connect in -lsocket
configure:1493: checking for gethostname
configure:1589: checking for dlopen
configure:1635: checking for dlopen in -ldl
configure:1701: checking where to look for SSL
configure:1713: checking for CRYPTO_lock in -lcrypto
configure:1762: checking for SSL_connect in -lssl
configure:1813: checking for openssl/x509.h
configure:1813: checking for openssl/rsa.h
configure:1813: checking for openssl/crypto.h
configure:1813: checking for openssl/pem.h
configure:1813: checking for openssl/ssl.h
configure:1813: checking for openssl/err.h
configure:1903: checking for ANSI C header files
configure:2032: checking for unistd.h
configure:2032: checking for arpa/inet.h
configure:2032: checking for net/if.h
configure:2032: checking for netinet/in.h
configure:2032: checking for netdb.h
configure:2032: checking for sys/select.h
configure:2032: checking for sys/socket.h
configure:2032: checking for sys/sockio.h
configure:2032: checking for sys/stat.h
configure:2032: checking for sys/types.h
configure:2032: checking for getopt.h
configure:2032: checking for sys/param.h
configure:2032: checking for termios.h
configure:2032: checking for termio.h
configure:2032: checking for sgtty.h
configure:2032: checking for fcntl.h
configure:2032: checking for dlfcn.h
configure:2032: checking for alloca.h
configure:2032: checking for winsock.h
configure:2032: checking for time.h
configure:2032: checking for io.h
configure:2071: checking for working const
configure:2146: checking for size_t
configure:2179: checking whether time.h and sys/time.h may both be included
configure:2218: checking size of long double
configure:2258: checking size of long long
configure:2304: checking host system type
configure:2330: checking return type of signal handlers
configure:2371: checking for vprintf
configure:2496: checking for socket
configure:2496: checking for select
configure:2496: checking for strdup
configure:2496: checking for strstr
configure:2496: checking for strftime
configure:2496: checking for uname
configure:2496: checking for strcasecmp
configure:2496: checking for gethostname
configure:2496: checking for gethostbyaddr
configure:2496: checking for getservbyname
configure:2496: checking for gettimeofday
configure:2496: checking for inet_addr
configure:2496: checking for inet_ntoa
configure:2496: checking for tcsetattr
configure:2496: checking for tcgetattr
configure:2496: checking for perror
configure:2496: checking for getpass
configure:2496: checking for closesocket
configure:2554: checking for perl
configure:2593: checking for nroff
configure:2633: checking for ranlib
configure:2665: checking for bison
